<?xml version="1.0" encoding="UTF-8"?>
<robot generator="Robot 5.0.1 (Python 3.11.4 on win32)" generated="20231025 10:51:01.120" rpa="false" schemaversion="3">
<suite id="s1" name="Customer" source="D:\Automate_Training\SutatU\RobotFramework\TestSuites\Customer.robot">
<test id="s1-t1" name="TST_F1_1_1_1" line="6">
<kw name="Open Browser Proect LDAP" library="keywordAndVariables">
<kw name="New Browser" library="Browser">
<arg>chromium</arg>
<arg>headless=False</arg>
<tag>BrowserControl</tag>
<tag>Setter</tag>
<doc>Create a new playwright Browser with specified options.</doc>
<msg timestamp="20231025 10:51:01.835" level="INFO">{"browser": "chromium", "headless": false, "chromiumSandbox": false, "devtools": false, "handleSIGHUP": true, "handleSIGINT": true, "handleSIGTERM": true, "ignoreDefaultArgs": false, "slowMo": 0.0, "timeout": 30000.0, "tracesDir": "D:\\Automate_Training\\SutatU\\RobotFramework\\TestSuites\\result\\browser\\traces\\576b8ad2-1927-4ae4-9ace-cf2b0ff7814c"}</msg>
<msg timestamp="20231025 10:51:02.068" level="INFO">Successfully created browser with options: {"browser":"chromium","headless":false,"chromiumSandbox":false,"devtools":false,"handleSIGHUP":true,"handleSIGINT":true,"handleSIGTERM":true,"ignoreDefaultArgs":false,"slowMo":0,"timeout":30000,"tracesDir":"D:\\Automate_Training\\SutatU\\RobotFramework\\TestSuites\\result\\browser\\traces\\576b8ad2-1927-4ae4-9ace-cf2b0ff7814c"}</msg>
<status status="PASS" starttime="20231025 10:51:01.835" endtime="20231025 10:51:02.068"/>
</kw>
<kw name="Set Browser Timeout" library="Browser">
<arg>60s</arg>
<tag>Config</tag>
<tag>Setter</tag>
<doc>Sets the timeout used by most input and getter keywords.</doc>
<msg timestamp="20231025 10:51:02.068" level="INFO">No context open.</msg>
<status status="PASS" starttime="20231025 10:51:02.068" endtime="20231025 10:51:02.068"/>
</kw>
<kw name="New Context" library="Browser">
<arg>viewport={'width': 1366, 'height': 768}</arg>
<arg>ignoreHTTPSErrors=${True}</arg>
<tag>BrowserControl</tag>
<tag>Setter</tag>
<doc>Create a new BrowserContext with specified options.</doc>
<msg timestamp="20231025 10:51:02.068" level="INFO">{
  "acceptDownloads": true,
  "bypassCSP": false,
  "forcedColors": "none",
  "hideRfBrowser": "",
  "ignoreHTTPSErrors": true,
  "javaScriptEnabled": true,
  "offline": false,
  "reducedMotion": "no-preference",
  "serviceWorkers": "allow",
  "viewport": {
    "width": 1366,
    "height": 768
  }
}</msg>
<msg timestamp="20231025 10:51:02.084" level="INFO">Successfully created context. </msg>
<msg timestamp="20231025 10:51:02.084" level="INFO">{'acceptDownloads': True, 'bypassCSP': False, 'forcedColors': 'none', 'hideRfBrowser': '', 'ignoreHTTPSErrors': True, 'javaScriptEnabled': True, 'offline': False, 'reducedMotion': 'no-preference', 'serviceWorkers': 'allow', 'viewport': {'width': 1366, 'height': 768}}</msg>
<status status="PASS" starttime="20231025 10:51:02.068" endtime="20231025 10:51:02.084"/>
</kw>
<kw name="New Page" library="Browser">
<arg>https://10.138.40.47:3443/</arg>
<tag>BrowserControl</tag>
<tag>Setter</tag>
<doc>Open a new Page.</doc>
<msg timestamp="20231025 10:51:03.057" level="INFO">Successfully initialized new page object and opened url: https://10.138.40.47:3443/</msg>
<status status="PASS" starttime="20231025 10:51:02.084" endtime="20231025 10:51:03.058"/>
</kw>
<kw name="Click" library="Browser">
<arg>//button[@class="vs-component vs-button vs-button-primary vs-button-border"]</arg>
<tag>PageContent</tag>
<tag>Setter</tag>
<doc>Simulates mouse click on the element found by ``selector``.</doc>
<status status="PASS" starttime="20231025 10:51:03.058" endtime="20231025 10:51:03.394"/>
</kw>
<kw name="Sleep" library="BuiltIn">
<arg>3s</arg>
<doc>Pauses the test executed for the given time.</doc>
<msg timestamp="20231025 10:51:06.395" level="INFO">Slept 3 seconds</msg>
<status status="PASS" starttime="20231025 10:51:03.394" endtime="20231025 10:51:06.395"/>
</kw>
<kw name="Click" library="Browser">
<arg>//div[@class="col-12 text-center text-lg mt-3"]//a[text()="Login"]</arg>
<tag>PageContent</tag>
<tag>Setter</tag>
<doc>Simulates mouse click on the element found by ``selector``.</doc>
<status status="PASS" starttime="20231025 10:51:06.395" endtime="20231025 10:51:06.444"/>
</kw>
<kw name="Sleep" library="BuiltIn">
<arg>2s</arg>
<doc>Pauses the test executed for the given time.</doc>
<msg timestamp="20231025 10:51:08.444" level="INFO">Slept 2 seconds</msg>
<status status="PASS" starttime="20231025 10:51:06.444" endtime="20231025 10:51:08.444"/>
</kw>
<status status="PASS" starttime="20231025 10:51:01.835" endtime="20231025 10:51:08.444"/>
</kw>
<kw name="Verify Login Success" library="keywordAndVariables">
<kw name="Input Text On Elements" library="keywordAndVariables">
<arg>${txt_loc_username}</arg>
<arg>${txtUsername}</arg>
<kw name="Fill Text" library="Browser">
<arg>${locator}</arg>
<arg>${text}</arg>
<tag>PageContent</tag>
<tag>Setter</tag>
<doc>Clears and fills the given ``txt`` into the text field found by ``selector``.</doc>
<msg timestamp="20231025 10:51:08.444" level="INFO">Fills the text 'taweesis' in the given field.</msg>
<status status="PASS" starttime="20231025 10:51:08.444" endtime="20231025 10:51:08.465"/>
</kw>
<status status="PASS" starttime="20231025 10:51:08.444" endtime="20231025 10:51:08.465"/>
</kw>
<kw name="Input Text On Elements" library="keywordAndVariables">
<arg>${txt_loc_password}</arg>
<arg>${txtPassword}</arg>
<kw name="Fill Text" library="Browser">
<arg>${locator}</arg>
<arg>${text}</arg>
<tag>PageContent</tag>
<tag>Setter</tag>
<doc>Clears and fills the given ``txt`` into the text field found by ``selector``.</doc>
<msg timestamp="20231025 10:51:08.465" level="INFO">Fills the text 'Taw@2021' in the given field.</msg>
<status status="PASS" starttime="20231025 10:51:08.465" endtime="20231025 10:51:08.481"/>
</kw>
<status status="PASS" starttime="20231025 10:51:08.465" endtime="20231025 10:51:08.481"/>
</kw>
<kw name="Click" library="Browser">
<arg>${btn_sing_in}</arg>
<tag>PageContent</tag>
<tag>Setter</tag>
<doc>Simulates mouse click on the element found by ``selector``.</doc>
<status status="PASS" starttime="20231025 10:51:08.481" endtime="20231025 10:51:08.518"/>
</kw>
<kw name="Sleep" library="BuiltIn">
<arg>5s</arg>
<doc>Pauses the test executed for the given time.</doc>
<msg timestamp="20231025 10:51:13.519" level="INFO">Slept 5 seconds</msg>
<status status="PASS" starttime="20231025 10:51:08.518" endtime="20231025 10:51:13.519"/>
</kw>
<status status="PASS" starttime="20231025 10:51:08.444" endtime="20231025 10:51:13.519"/>
</kw>
<kw name="Click" library="Browser">
<arg>//span[@class="truncate mr-3 select-none" and (text()="Customer")]</arg>
<tag>PageContent</tag>
<tag>Setter</tag>
<doc>Simulates mouse click on the element found by ``selector``.</doc>
<status status="PASS" starttime="20231025 10:51:13.519" endtime="20231025 10:51:13.571"/>
</kw>
<kw name="Click" library="Browser">
<arg>//span[@class="truncate mr-3 select-none" and (text()="Account")]</arg>
<tag>PageContent</tag>
<tag>Setter</tag>
<doc>Simulates mouse click on the element found by ``selector``.</doc>
<status status="PASS" starttime="20231025 10:51:13.571" endtime="20231025 10:51:14.106"/>
</kw>
<kw name="Click" library="Browser">
<arg>(//span[@class="truncate mr-3 select-none" and (text()="Account")]//..//..//..//ul//li)[3]</arg>
<tag>PageContent</tag>
<tag>Setter</tag>
<doc>Simulates mouse click on the element found by ``selector``.</doc>
<status status="PASS" starttime="20231025 10:51:14.106" endtime="20231025 10:51:14.856"/>
</kw>
<kw name="Sleep" library="BuiltIn">
<arg>5s</arg>
<doc>Pauses the test executed for the given time.</doc>
<msg timestamp="20231025 10:51:19.859" level="INFO">Slept 5 seconds</msg>
<status status="PASS" starttime="20231025 10:51:14.857" endtime="20231025 10:51:19.859"/>
</kw>
<kw name="Wait For Elements State" library="Browser">
<arg>//div[@class="vx-card__body"]</arg>
<arg>visible</arg>
<tag>PageContent</tag>
<tag>Wait</tag>
<doc>Waits for the element found by ``selector`` to satisfy state option.</doc>
<msg timestamp="20231025 10:51:19.867" level="INFO">Waited for Element with selector //div[@class="vx-card__body"] at state visible</msg>
<status status="PASS" starttime="20231025 10:51:19.859" endtime="20231025 10:51:19.867"/>
</kw>
<kw name="Click" library="Browser">
<arg>//div[@class="v-select vs--searchable"]</arg>
<tag>PageContent</tag>
<tag>Setter</tag>
<doc>Simulates mouse click on the element found by ``selector``.</doc>
<status status="PASS" starttime="20231025 10:51:19.867" endtime="20231025 10:51:19.902"/>
</kw>
<kw name="Sleep" library="BuiltIn">
<arg>2s</arg>
<doc>Pauses the test executed for the given time.</doc>
<msg timestamp="20231025 10:51:21.902" level="INFO">Slept 2 seconds</msg>
<status status="PASS" starttime="20231025 10:51:19.902" endtime="20231025 10:51:21.902"/>
</kw>
<kw name="Get Element States" library="Browser">
<var>${Elements}</var>
<arg>//div[@class="vs__selected-options"]</arg>
<tag>Assertion</tag>
<tag>Getter</tag>
<tag>PageContent</tag>
<doc>Get the active states from the element found by ``selector``.</doc>
<msg timestamp="20231025 10:51:23.271" level="INFO" html="true">&lt;/td&gt;&lt;/tr&gt;&lt;tr&gt;&lt;td colspan="3"&gt;&lt;a href="browser/screenshot/fail-screenshot-1.png" target="_blank"&gt;&lt;img src="browser/screenshot/fail-screenshot-1.png" width="800px"/&gt;&lt;/a&gt;</msg>
<msg timestamp="20231025 10:51:23.271" level="INFO">See also file:///D:/Automate_Training/SutatU/RobotFramework/TestSuites/result/playwright-log.txt for additional details.</msg>
<msg timestamp="20231025 10:51:23.272" level="FAIL">Error: locator.waitFor: Error: strict mode violation: locator('xpath=//div[@class="vs__selected-options"]') resolved to 2 elements:
    1) &lt;div class="vs__selected-options"&gt;…&lt;/div&gt; aka locator('#vs2__combobox div').filter({ hasText: 'xlsx' })
    2) &lt;div class="vs__selected-options"&gt;…&lt;/div&gt; aka getByRole('combobox', { name: 'Search for option' }).locator('div').first()

=========================== logs ===========================
waiting for locator('xpath=//div[@class="vs__selected-options"]')
============================================================</msg>
<status status="FAIL" starttime="20231025 10:51:21.902" endtime="20231025 10:51:23.282"/>
</kw>
<kw name="Log" library="BuiltIn">
<arg>${Elements}</arg>
<arg>console=yes</arg>
<doc>Logs the given message with the given level.</doc>
<status status="NOT RUN" starttime="20231025 10:51:23.282" endtime="20231025 10:51:23.282"/>
</kw>
<status status="FAIL" starttime="20231025 10:51:01.835" endtime="20231025 10:51:23.283">Error: locator.waitFor: Error: strict mode violation: locator('xpath=//div[@class="vs__selected-options"]') resolved to 2 elements:
    1) &lt;div class="vs__selected-options"&gt;…&lt;/div&gt; aka locator('#vs2__combobox div').filter({ hasText: 'xlsx' })
    2) &lt;div class="vs__selected-options"&gt;…&lt;/div&gt; aka getByRole('combobox', { name: 'Search for option' }).locator('div').first()

=========================== logs ===========================
waiting for locator('xpath=//div[@class="vs__selected-options"]')
============================================================</status>
</test>
<status status="FAIL" starttime="20231025 10:51:01.120" endtime="20231025 10:51:23.358"/>
</suite>
<statistics>
<total>
<stat pass="0" fail="1" skip="0">All Tests</stat>
</total>
<tag>
</tag>
<suite>
<stat pass="0" fail="1" skip="0" id="s1" name="Customer">Customer</stat>
</suite>
</statistics>
<errors>
</errors>
</robot>
